# JRE version: Java(TM) SE Runtime Environment (9.0+11) (build 9.0.4+11)
# Java VM: Java HotSpot(TM) 64-Bit Server VM (9.0.4+11, mixed mode, tiered, compressed oops, g1 gc, windows-amd64)
Heap:
 garbage-first heap   total 369664K, used 153517K [0x0000000700000000, 0x0000000700100b48, 0x00000007c0000000)
  region size 1024K, 41 young (41984K), 1 survivors (1024K)
 Metaspace       used 91069K, capacity 93356K, committed 100656K, reserved 1136640K
  class space    used 11839K, capacity 12318K, committed 13872K, reserved 1048576K
GC Heap History (10 events):
Event: 10334.053 GC heap before
{Heap before GC invocations=1044 (full 373):
 garbage-first heap   total 377856K, used 175503K [0x0000000700000000, 0x0000000700100b88, 0x00000007c0000000)
  region size 1024K, 60 young (61440K), 1 survivors (1024K)
 Metaspace       used 91049K, capacity 93356K, committed 100656K, reserved 1136640K
  class space    used 11839K, capacity 12318K, committed 13872K, reserved 1048576K
}
Event: 10334.073 GC heap after
{Heap after GC invocations=1045 (full 373):
 garbage-first heap   total 377856K, used 115097K [0x0000000700000000, 0x0000000700100b88, 0x00000007c0000000)
  region size 1024K, 1 young (1024K), 1 survivors (1024K)
 Metaspace       used 91049K, capacity 93356K, committed 100656K, reserved 1136640K
  class space    used 11839K, capacity 12318K, committed 13872K, reserved 1048576K
}
Event: 10334.471 GC heap before
{Heap before GC invocations=1045 (full 373):
 garbage-first heap   total 377856K, used 175513K [0x0000000700000000, 0x0000000700100b88, 0x00000007c0000000)
  region size 1024K, 60 young (61440K), 1 survivors (1024K)
 Metaspace       used 91050K, capacity 93356K, committed 100656K, reserved 1136640K
  class space    used 11839K, capacity 12318K, committed 13872K, reserved 1048576K
}
Event: 10334.481 GC heap after
{Heap after GC invocations=1046 (full 373):
 garbage-first heap   total 377856K, used 115224K [0x0000000700000000, 0x0000000700100b88, 0x00000007c0000000)
  region size 1024K, 2 young (2048K), 2 survivors (2048K)
 Metaspace       used 91050K, capacity 93356K, committed 100656K, reserved 1136640K
  class space    used 11839K, capacity 12318K, committed 13872K, reserved 1048576K
}
Event: 10334.552 GC heap before
{Heap before GC invocations=1046 (full 373):
 garbage-first heap   total 377856K, used 125464K [0x0000000700000000, 0x0000000700100b88, 0x00000007c0000000)
  region size 1024K, 13 young (13312K), 2 survivors (2048K)
 Metaspace       used 91050K, capacity 93356K, committed 100656K, reserved 1136640K
  class space    used 11839K, capacity 12318K, committed 13872K, reserved 1048576K
}
Event: 10334.562 GC heap after
{Heap after GC invocations=1047 (full 373):
 garbage-first heap   total 377856K, used 115095K [0x0000000700000000, 0x0000000700100b88, 0x00000007c0000000)
  region size 1024K, 1 young (1024K), 1 survivors (1024K)
 Metaspace       used 91050K, capacity 93356K, committed 100656K, reserved 1136640K
  class space    used 11839K, capacity 12318K, committed 13872K, reserved 1048576K
}
Event: 10335.460 GC heap before
{Heap before GC invocations=1047 (full 373):
 garbage-first heap   total 377856K, used 130455K [0x0000000700000000, 0x0000000700100b88, 0x00000007c0000000)
  region size 1024K, 11 young (11264K), 1 survivors (1024K)
 Metaspace       used 91062K, capacity 93356K, committed 100656K, reserved 1136640K
  class space    used 11839K, capacity 12318K, committed 13872K, reserved 1048576K
}
Event: 10336.045 GC heap after
{Heap after GC invocations=1048 (full 374):
 garbage-first heap   total 369664K, used 110888K [0x0000000700000000, 0x0000000700100b48, 0x00000007c0000000)
  region size 1024K, 0 young (0K), 0 survivors (0K)
 Metaspace       used 91062K, capacity 93356K, committed 100656K, reserved 1136640K
  class space    used 11839K, capacity 12318K, committed 13872K, reserved 1048576K
}
Event: 10400.524 GC heap before
{Heap before GC invocations=1048 (full 374):
 garbage-first heap   total 369664K, used 174376K [0x0000000700000000, 0x0000000700100b48, 0x00000007c0000000)
  region size 1024K, 60 young (61440K), 0 survivors (0K)
 Metaspace       used 91066K, capacity 93356K, committed 100656K, reserved 1136640K
  class space    used 11839K, capacity 12318K, committed 13872K, reserved 1048576K
}
Event: 10400.533 GC heap after
{Heap after GC invocations=1049 (full 374):
 garbage-first heap   total 369664K, used 113581K [0x0000000700000000, 0x0000000700100b48, 0x00000007c0000000)
  region size 1024K, 1 young (1024K), 1 survivors (1024K)
 Metaspace       used 91066K, capacity 93356K, committed 100656K, reserved 1136640K
  class space    used 11839K, capacity 12318K, committed 13872K, reserved 1048576K
}

